<?xml version="1.0" encoding="UTF-8"?>
<testsuite xmlns:xsi="http://www.w3.org/2001/XMLSchema-instance" xsi:noNamespaceSchemaLocation="https://maven.apache.org/surefire/maven-surefire-plugin/xsd/surefire-test-report.xsd" name="online.luffyk.dao.EmployeeMapperTest" time="0.789" tests="7" errors="0" skipped="0" failures="0">
  <properties>
[...]
</properties>
  <testcase name="testSaveEmployee" classname="online.luffyk.dao.EmployeeMapperTest" time="0.014"/>
  <testcase name="testGetEmployee" classname="online.luffyk.dao.EmployeeMapperTest" time="0.275"/>
  <testcase name="testShowAllEmployee" classname="online.luffyk.dao.EmployeeMapperTest" time="0.173"/>
  <testcase name="testCheckEmpName" classname="online.luffyk.dao.EmployeeMapperTest" time="0.046"/>
  <testcase name="test" classname="online.luffyk.dao.EmployeeMapperTest" time="0.004"/>
  <testcase name="testUpdateEmployee" classname="online.luffyk.dao.EmployeeMapperTest" time="0.148"/>
  <testcase name="testInsertOneEmployee" classname="online.luffyk.dao.EmployeeMapperTest" time="0.067"/>
</testsuite>